Android2/HodgePodge/app/build/outputs/logs/manifest-merger-debug-report.txt
-- Merging decision tree log ---
manifest
ADDED from src\main\AndroidManifest.xml:2:1-52:12
	xmlns:android
		ADDED from src\main\AndroidManifest.xml:2:11-69
	package
		ADDED from src\main\AndroidManifest.xml:3:5-29
		INJECTED from src\main\AndroidManifest.xml
		INJECTED from src\main\AndroidManifest.xml
	android:versionName
		INJECTED from src\main\AndroidManifest.xml
		INJECTED from src\main\AndroidManifest.xml
	android:versionCode
		INJECTED from src\main\AndroidManifest.xml
		INJECTED from src\main\AndroidManifest.xml
uses-permission#android.permission.GET_ACCOUNTS
ADDED from src\main\AndroidManifest.xml:6:5-71
	android:name
		ADDED from src\main\AndroidManifest.xml:6:22-68
uses-permission#android.permission.READ_PROFILE
ADDED from src\main\AndroidManifest.xml:7:5-71
	android:name
		ADDED from src\main\AndroidManifest.xml:7:22-68
uses-permission#android.permission.READ_CONTACTS
ADDED from src\main\AndroidManifest.xml:8:5-72
	android:name
		ADDED from src\main\AndroidManifest.xml:8:22-69
uses-permission#android.permission.INTERNET
ADDED from src\main\AndroidManifest.xml:9:5-67
	android:name
		ADDED from src\main\AndroidManifest.xml:9:22-64
application
ADDED from src\main\AndroidManifest.xml:11:5-50:19
MERGED from [com.android.support:appcompat-v7:23.1.0] AndroidManifest.xml:22:5-20
MERGED from [com.android.support:support-v4:23.1.0] AndroidManifest.xml:22:5-20
MERGED from [com.android.support:design:23.1.0] AndroidManifest.xml:22:5-20
MERGED from [com.android.support:appcompat-v7:23.1.0] AndroidManifest.xml:22:5-20
MERGED from [com.android.support:support-v4:23.1.0] AndroidManifest.xml:22:5-20
MERGED from [com.android.support:support-v4:23.1.0] AndroidManifest.xml:22:5-20
MERGED from [com.android.support:support-v4:23.1.0] AndroidManifest.xml:22:5-20
	android:supportsRtl
		ADDED from src\main\AndroidManifest.xml:15:9-35
	android:label
		ADDED from src\main\AndroidManifest.xml:14:9-41
	android:allowBackup
		ADDED from src\main\AndroidManifest.xml:12:9-35
	android:icon
		ADDED from src\main\AndroidManifest.xml:13:9-43
	android:theme
		ADDED from src\main\AndroidManifest.xml:16:9-40
activity#com.hodgepodge.LandingActivity
ADDED from src\main\AndroidManifest.xml:17:9-26:20
	android:label
		ADDED from src\main\AndroidManifest.xml:19:13-45
	android:theme
		ADDED from src\main\AndroidManifest.xml:20:13-56
	android:name
		ADDED from src\main\AndroidManifest.xml:18:13-44
intent-filter#android.intent.action.MAIN+android.intent.category.LAUNCHER
ADDED from src\main\AndroidManifest.xml:21:13-25:29
action#android.intent.action.MAIN
ADDED from src\main\AndroidManifest.xml:22:17-69
	android:name
		ADDED from src\main\AndroidManifest.xml:22:25-66
category#android.intent.category.LAUNCHER
ADDED from src\main\AndroidManifest.xml:24:17-77
	android:name
		ADDED from src\main\AndroidManifest.xml:24:27-74
activity#com.hodgepodge.SignInActivity
ADDED from src\main\AndroidManifest.xml:27:9-30:20
	android:label
		ADDED from src\main\AndroidManifest.xml:29:13-59
	android:name
		ADDED from src\main\AndroidManifest.xml:28:13-43
activity#com.hodgepodge.SignUpActivity
ADDED from src\main\AndroidManifest.xml:31:9-34:20
	android:label
		ADDED from src\main\AndroidManifest.xml:33:13-59
	android:name
		ADDED from src\main\AndroidManifest.xml:32:13-43
activity#com.hodgepodge.HomePageActivity
ADDED from src\main\AndroidManifest.xml:35:9-39:20
	android:label
		ADDED from src\main\AndroidManifest.xml:37:13-61
	android:theme
		ADDED from src\main\AndroidManifest.xml:38:13-56
	android:name
		ADDED from src\main\AndroidManifest.xml:36:13-45
activity#com.hodgepodge.CreateTopicActivity
ADDED from src\main\AndroidManifest.xml:40:9-41:20
	android:name
		ADDED from src\main\AndroidManifest.xml:40:19-54
activity#com.hodgepodge.PostAddActivity
ADDED from src\main\AndroidManifest.xml:42:9-43:20
	android:name
		ADDED from src\main\AndroidManifest.xml:42:19-50
activity#com.hodgepodge.PostsListActivity
ADDED from src\main\AndroidManifest.xml:44:9-45:20
	android:name
		ADDED from src\main\AndroidManifest.xml:44:19-52
activity#com.hodgepodge.PopularActivity
ADDED from src\main\AndroidManifest.xml:46:9-47:20
	android:name
		ADDED from src\main\AndroidManifest.xml:46:19-50
activity#com.hodgepodge.CreateRelationActivity
ADDED from src\main\AndroidManifest.xml:48:9-49:20
	android:name
		ADDED from src\main\AndroidManifest.xml:48:19-57
uses-sdk
INJECTED from src\main\AndroidManifest.xml reason: use-sdk injection requested
MERGED from [com.android.support:appcompat-v7:23.1.0] AndroidManifest.xml:20:5-43
MERGED from [com.android.support:support-v4:23.1.0] AndroidManifest.xml:20:5-43
MERGED from [com.android.support:design:23.1.0] AndroidManifest.xml:20:5-43
MERGED from [com.android.support:appcompat-v7:23.1.0] AndroidManifest.xml:20:5-43
MERGED from [com.android.support:support-v4:23.1.0] AndroidManifest.xml:20:5-43
MERGED from [com.android.support:recyclerview-v7:23.1.0] AndroidManifest.xml:20:5-43
MERGED from [com.android.support:support-v4:23.1.0] AndroidManifest.xml:20:5-43
MERGED from [com.android.support:support-v4:23.1.0] AndroidManifest.xml:20:5-43
	android:targetSdkVersion
		INJECTED from src\main\AndroidManifest.xml
		INJECTED from src\main\AndroidManifest.xml
	android:minSdkVersion
		INJECTED from src\main\AndroidManifest.xml
		INJECTED from src\main\AndroidManifest.xml